0 info it worked if it ends with ok
1 verbose cli [ 'C:\\Program Files\\nodejs\\node.exe',
1 verbose cli   'C:\\Users\\7\\AppData\\Roaming\\npm\\node_modules\\npm\\bin\\npm-cli.js',
1 verbose cli   'start' ]
2 info using npm@3.5.2
3 info using node@v4.2.1
4 verbose run-script [ 'prestart', 'start', 'poststart' ]
5 info lifecycle 09_Portfolio@0.0.0~prestart: 09_Portfolio@0.0.0
6 silly lifecycle 09_Portfolio@0.0.0~prestart: no script for prestart, continuing
7 info lifecycle 09_Portfolio@0.0.0~start: 09_Portfolio@0.0.0
8 verbose lifecycle 09_Portfolio@0.0.0~start: unsafe-perm in lifecycle true
9 verbose lifecycle 09_Portfolio@0.0.0~start: PATH: C:\Users\7\AppData\Roaming\npm\node_modules\npm\bin\node-gyp-bin;D:\Main\Buffer\Node.JS\NodeProjects\09_Portfolio\node_modules\.bin;%SystemRoot%\system32\WindowsPowerShell\v1.0\;C:\Program Files\ImageMagick-6.9.1-Q16;C:\Program Files (x86)\Common Files\Siemens\Sqlany;C:\Program Files (x86)\Siemens\Step7\S7bin;C:\Program Files\Common Files\Siemens\Automation\Simatic OAM\bin;C:\ProgramData\Oracle\Java\javapath;C:\Windows\system32;C:\Windows;C:\Windows\System32\Wbem;C:\Program Files (x86)\Calibre2\;C:\Program Files\Lenovo\Bluetooth Software\;C:\Program Files\Lenovo\Bluetooth Software\syswow64;C:\Python34\Scripts;C:\sqlite;C:\Program Files (x86)\Intel\OpenCL SDK\2.0\bin\x86;C:\Program Files (x86)\Intel\OpenCL SDK\2.0\bin\x64;C:\Program Files (x86)\Windows Kits\8.1\Windows Performance Toolkit\;C:\Program Files\Microsoft SQL Server\110\Tools\Binn\;C:\Program Files (x86)\Microsoft SDKs\TypeScript\1.0\;C:\Windows\System32\WindowsPowerShell\v1.0\;C:\MinGW\msys\1.0\bin;C:\MinGW\bin;C:\Program Files\Java\jdk1.7.0_80\bin;C:\Program Files (x86)\PKWARE\pkzipc;C:\phantomjs\bin;C:\Program Files (x86)\Heroku\bin;C:\Program Files (x86)\git\cmd;C:\Program Files\nodejs\;C:\Program Files\Git\cmd;C:\Program Files\MATLAB\MATLAB Production Server\R2015a\runtime\win64;C:\Program Files\MATLAB\MATLAB Production Server\R2015a\bin;C:\Program Files\MATLAB\MATLAB Production Server\R2015a\polyspace\bin;C:\Program Files (x86)\Skype\Phone\;C:\Program Files (x86)\Common Files\lenovo\easyplussdk\bin;C:\Python34\Scripts;C:\Ruby21\bin;C:\Users\7\AppData\Roaming\npm;C:\Program Files\MongoDB\Server\3.0\bin;C:\Users\7\AppData\Local\.meteor
10 verbose lifecycle 09_Portfolio@0.0.0~start: CWD: D:\Main\Buffer\Node.JS\NodeProjects\09_Portfolio
11 silly lifecycle 09_Portfolio@0.0.0~start: Args: [ '/d /s /c', 'node ./bin/www' ]
12 silly lifecycle 09_Portfolio@0.0.0~start: Returned: code: 1  signal: null
13 info lifecycle 09_Portfolio@0.0.0~start: Failed to exec start script
14 verbose stack Error: 09_Portfolio@0.0.0 start: `node ./bin/www`
14 verbose stack Exit status 1
14 verbose stack     at EventEmitter.<anonymous> (C:\Users\7\AppData\Roaming\npm\node_modules\npm\lib\utils\lifecycle.js:232:16)
14 verbose stack     at emitTwo (events.js:87:13)
14 verbose stack     at EventEmitter.emit (events.js:172:7)
14 verbose stack     at ChildProcess.<anonymous> (C:\Users\7\AppData\Roaming\npm\node_modules\npm\lib\utils\spawn.js:24:14)
14 verbose stack     at emitTwo (events.js:87:13)
14 verbose stack     at ChildProcess.emit (events.js:172:7)
14 verbose stack     at maybeClose (internal/child_process.js:818:16)
14 verbose stack     at Process.ChildProcess._handle.onexit (internal/child_process.js:211:5)
15 verbose pkgid 09_Portfolio@0.0.0
16 verbose cwd D:\Main\Buffer\Node.JS\NodeProjects\09_Portfolio
17 error Windows_NT 6.1.7601
18 error argv "C:\\Program Files\\nodejs\\node.exe" "C:\\Users\\7\\AppData\\Roaming\\npm\\node_modules\\npm\\bin\\npm-cli.js" "start"
19 error node v4.2.1
20 error npm  v3.5.2
21 error code ELIFECYCLE
22 error 09_Portfolio@0.0.0 start: `node ./bin/www`
22 error Exit status 1
23 error Failed at the 09_Portfolio@0.0.0 start script 'node ./bin/www'.
23 error Make sure you have the latest version of node.js and npm installed.
23 error If you do, this is most likely a problem with the 09_Portfolio package,
23 error not with npm itself.
23 error Tell the author that this fails on your system:
23 error     node ./bin/www
23 error You can get information on how to open an issue for this project with:
23 error     npm bugs 09_Portfolio
23 error Or if that isn't available, you can get their info via:
23 error     npm owner ls 09_Portfolio
23 error There is likely additional logging output above.
24 verbose exit [ 1, true ]
